2019-03-09 12:49:59,374 p=2743 u=root |  PLAY [Accel Install PlayBook] ******************************************************************************************************************************************************************************************************************
2019-03-09 12:49:59,397 p=2743 u=root |  TASK [Gathering Facts] *************************************************************************************************************************************************************************************************************************
2019-03-09 12:50:00,343 p=2743 u=root |  ok: [localhost]
2019-03-09 12:50:00,361 p=2743 u=root |  TASK [necessary_packages : mtr] ****************************************************************************************************************************************************************************************************************
2019-03-09 12:50:08,065 p=2743 u=root |  fatal: [localhost]: FAILED! => {"changed": false, "msg": "Failed to update apt cache: W:GPG error: http://ppa.launchpad.net/ansible/ansible/ubuntu trusty InRelease: The following signatures couldn't be verified because the public key is not available: NO_PUBKEY 93C4A3FD7BB9C367, E:The repository 'http://ppa.launchpad.net/ansible/ansible/ubuntu trusty InRelease' is not signed."}
2019-03-09 12:50:08,069 p=2743 u=root |  	to retry, use: --limit @/home/vilko/accel_ansible/install.retry

2019-03-09 12:50:08,070 p=2743 u=root |  PLAY RECAP *************************************************************************************************************************************************************************************************************************************
2019-03-09 12:50:08,070 p=2743 u=root |  localhost                  : ok=1    changed=0    unreachable=0    failed=1   
2019-03-09 12:50:46,693 p=3913 u=root |  PLAY [Accel Install PlayBook] ******************************************************************************************************************************************************************************************************************
2019-03-09 12:50:46,718 p=3913 u=root |  TASK [Gathering Facts] *************************************************************************************************************************************************************************************************************************
2019-03-09 12:50:47,428 p=3913 u=root |  ok: [localhost]
2019-03-09 12:50:47,446 p=3913 u=root |  TASK [necessary_packages : mtr] ****************************************************************************************************************************************************************************************************************
2019-03-09 12:51:34,900 p=3913 u=root |  changed: [localhost]
2019-03-09 12:51:34,918 p=3913 u=root |  TASK [necessary_packages : atop] ***************************************************************************************************************************************************************************************************************
2019-03-09 12:51:39,126 p=3913 u=root |  changed: [localhost]
2019-03-09 12:51:39,149 p=3913 u=root |  TASK [necessary_packages : htop] ***************************************************************************************************************************************************************************************************************
2019-03-09 12:51:42,506 p=3913 u=root |  changed: [localhost]
2019-03-09 12:51:42,527 p=3913 u=root |  TASK [necessary_packages : mc] *****************************************************************************************************************************************************************************************************************
2019-03-09 12:51:44,874 p=3913 u=root |  ok: [localhost]
2019-03-09 12:51:44,889 p=3913 u=root |  TASK [necessary_packages : tcpdump] ************************************************************************************************************************************************************************************************************
2019-03-09 12:51:49,318 p=3913 u=root |  changed: [localhost]
2019-03-09 12:51:49,341 p=3913 u=root |  TASK [necessary_packages : vlan] ***************************************************************************************************************************************************************************************************************
2019-03-09 12:51:52,527 p=3913 u=root |  changed: [localhost]
2019-03-09 12:51:52,551 p=3913 u=root |  TASK [necessary_packages : ethtool] ************************************************************************************************************************************************************************************************************
2019-03-09 12:51:55,632 p=3913 u=root |  changed: [localhost]
2019-03-09 12:51:55,657 p=3913 u=root |  TASK [necessary_packages : sudo] ***************************************************************************************************************************************************************************************************************
2019-03-09 12:52:00,076 p=3913 u=root |  changed: [localhost]
2019-03-09 12:52:00,101 p=3913 u=root |  TASK [necessary_packages : necessary packages for OS 9] ****************************************************************************************************************************************************************************************
2019-03-09 12:52:00,152 p=3913 u=root |  TASK [linux-headers : linux-headers] ***********************************************************************************************************************************************************************************************************
2019-03-09 12:52:59,977 p=3913 u=root |  changed: [localhost]
2019-03-09 12:52:59,997 p=3913 u=root |  TASK [accel-ppp_packages : git] ****************************************************************************************************************************************************************************************************************
2019-03-09 12:53:02,337 p=3913 u=root |  ok: [localhost]
2019-03-09 12:53:02,361 p=3913 u=root |  TASK [accel-ppp_packages : make] ***************************************************************************************************************************************************************************************************************
2019-03-09 12:53:05,818 p=3913 u=root |  changed: [localhost]
2019-03-09 12:53:05,836 p=3913 u=root |  TASK [accel-ppp_packages : libnl-utils] ********************************************************************************************************************************************************************************************************
2019-03-09 12:53:10,440 p=3913 u=root |  changed: [localhost]
2019-03-09 12:53:10,465 p=3913 u=root |  TASK [accel-ppp_packages : gcc] ****************************************************************************************************************************************************************************************************************
2019-03-09 12:53:13,499 p=3913 u=root |  changed: [localhost]
2019-03-09 12:53:13,517 p=3913 u=root |  TASK [accel-ppp_packages : cmake] **************************************************************************************************************************************************************************************************************
2019-03-09 12:53:26,988 p=3913 u=root |  changed: [localhost]
2019-03-09 12:53:27,010 p=3913 u=root |  TASK [accel-ppp_packages : libcrypto++-dev] ****************************************************************************************************************************************************************************************************
2019-03-09 12:53:33,520 p=3913 u=root |  changed: [localhost]
2019-03-09 12:53:33,543 p=3913 u=root |  TASK [accel-ppp_packages : libcrypto++-utils] **************************************************************************************************************************************************************************************************
2019-03-09 12:53:41,276 p=3913 u=root |  changed: [localhost]
2019-03-09 12:53:41,296 p=3913 u=root |  TASK [accel-ppp_packages : lua5.1] *************************************************************************************************************************************************************************************************************
2019-03-09 12:53:44,264 p=3913 u=root |  changed: [localhost]
2019-03-09 12:53:44,285 p=3913 u=root |  TASK [accel-ppp_packages : liblua5.1-0-dev] ****************************************************************************************************************************************************************************************************
2019-03-09 12:53:54,102 p=3913 u=root |  changed: [localhost]
2019-03-09 12:53:54,121 p=3913 u=root |  TASK [accel-ppp_packages : libpcre++-dev] ******************************************************************************************************************************************************************************************************
2019-03-09 12:54:00,043 p=3913 u=root |  changed: [localhost]
2019-03-09 12:54:00,086 p=3913 u=root |  TASK [accel-ppp_packages : libpcre3] ***********************************************************************************************************************************************************************************************************
2019-03-09 12:54:01,549 p=3913 u=root |  ok: [localhost]
2019-03-09 12:54:01,571 p=3913 u=root |  TASK [accel-ppp_packages : libsnmp-dev] ********************************************************************************************************************************************************************************************************
2019-03-09 12:54:17,000 p=3913 u=root |  changed: [localhost]
2019-03-09 12:54:17,020 p=3913 u=root |  TASK [accel-ppp_packages : iftop] **************************************************************************************************************************************************************************************************************
2019-03-09 12:54:21,961 p=3913 u=root |  changed: [localhost]
2019-03-09 12:54:21,984 p=3913 u=root |  TASK [accel-ppp_packages : iptraf] *************************************************************************************************************************************************************************************************************
2019-03-09 12:54:25,968 p=3913 u=root |  changed: [localhost]
2019-03-09 12:54:25,990 p=3913 u=root |  TASK [accel-ppp_packages : ipset] **************************************************************************************************************************************************************************************************************
2019-03-09 12:54:29,033 p=3913 u=root |  changed: [localhost]
2019-03-09 12:54:29,054 p=3913 u=root |  TASK [accel-ppp_packages : libipset-dev] *******************************************************************************************************************************************************************************************************
2019-03-09 12:54:32,018 p=3913 u=root |  changed: [localhost]
2019-03-09 12:54:32,039 p=3913 u=root |  TASK [accel-ppp_packages : accel-ppp packages for OS 9] ****************************************************************************************************************************************************************************************
2019-03-09 12:54:32,100 p=3913 u=root |  included: /home/vilko/accel_ansible/roles/accel-ppp_packages/tasks/9.yml for localhost
2019-03-09 12:54:32,121 p=3913 u=root |  TASK [accel-ppp_packages : libssl-dev] *********************************************************************************************************************************************************************************************************
2019-03-09 12:54:43,658 p=3913 u=root |  changed: [localhost]
2019-03-09 12:54:43,681 p=3913 u=root |  TASK [accel-ppp_git : Creates directory] *******************************************************************************************************************************************************************************************************
2019-03-09 12:54:44,084 p=3913 u=root |  changed: [localhost]
2019-03-09 12:54:44,110 p=3913 u=root |  TASK [accel-ppp_git : Clone a repository] ******************************************************************************************************************************************************************************************************
2019-03-09 12:54:49,956 p=3913 u=root |  changed: [localhost]
2019-03-09 12:54:49,993 p=3913 u=root |  TASK [accel-ppp_git : build] *******************************************************************************************************************************************************************************************************************
2019-03-09 12:54:51,391 p=3913 u=root |  changed: [localhost] => (item=cmake /var/accel-ppp/accel-ppp.git -DKDIR=/usr/src/linux-headers-4.9.0-3-amd64 -DBUILD_DRIVER=FALSE -DRADIUS=TRUE -DNETSNMP=FALSE -DSHAPER=TRUE -DLOG_PGSQL=FALSE -DLUA=TRUE -DBUILD_IPOE_DRIVER=TRUE -DBUILD_VLAN_MON_DRIVER=TRUE -DCMAKE_INSTALL_PREFIX=/usr/local/src)
2019-03-09 12:55:09,511 p=3913 u=root |  changed: [localhost] => (item=make)
2019-03-09 12:55:11,539 p=3913 u=root |  changed: [localhost] => (item=make install)
2019-03-09 12:55:11,579 p=3913 u=root |  TASK [accel-ppp_git : copy ipoe] ***************************************************************************************************************************************************************************************************************
2019-03-09 12:55:12,319 p=3913 u=root |  changed: [localhost]
2019-03-09 12:55:12,344 p=3913 u=root |  TASK [accel-ppp_git : copy vlan_mon] ***********************************************************************************************************************************************************************************************************
2019-03-09 12:55:12,679 p=3913 u=root |  changed: [localhost]
2019-03-09 12:55:12,702 p=3913 u=root |  TASK [accel-ppp_git : update depmod] ***********************************************************************************************************************************************************************************************************
2019-03-09 12:55:20,441 p=3913 u=root |  changed: [localhost]
2019-03-09 12:55:20,460 p=3913 u=root |  TASK [accel-ppp_git : add routing] *************************************************************************************************************************************************************************************************************
2019-03-09 12:55:20,851 p=3913 u=root |  changed: [localhost]
2019-03-09 12:55:20,876 p=3913 u=root |  TASK [accel-ppp_git : add L4-Redirect] *********************************************************************************************************************************************************************************************************
2019-03-09 12:55:21,036 p=3913 u=root |  changed: [localhost]
2019-03-09 12:55:21,060 p=3913 u=root |  TASK [files : copy accel-ppp.conf] *************************************************************************************************************************************************************************************************************
2019-03-09 12:55:21,417 p=3913 u=root |  changed: [localhost]
2019-03-09 12:55:21,436 p=3913 u=root |  TASK [files : copy LUA script] *****************************************************************************************************************************************************************************************************************
2019-03-09 12:55:21,775 p=3913 u=root |  changed: [localhost]
2019-03-09 12:55:21,798 p=3913 u=root |  TASK [files : copy accel-pppd] *****************************************************************************************************************************************************************************************************************
2019-03-09 12:55:22,123 p=3913 u=root |  changed: [localhost]
2019-03-09 12:55:22,146 p=3913 u=root |  TASK [files : copy accel-cmd] ******************************************************************************************************************************************************************************************************************
2019-03-09 12:55:22,479 p=3913 u=root |  changed: [localhost]
2019-03-09 12:55:22,500 p=3913 u=root |  TASK [files : copy radius] *********************************************************************************************************************************************************************************************************************
2019-03-09 12:55:27,652 p=3913 u=root |  changed: [localhost]
2019-03-09 12:55:27,670 p=3913 u=root |  TASK [files : radius attributes] ***************************************************************************************************************************************************************************************************************
2019-03-09 12:55:27,854 p=3913 u=root |  changed: [localhost] => (item=ATTRIBUTE DHCP-Router-IP-Address 241 ipaddr)
2019-03-09 12:55:27,979 p=3913 u=root |  changed: [localhost] => (item=ATTRIBUTE DHCP-Mask 242 integer)
2019-03-09 12:55:28,114 p=3913 u=root |  changed: [localhost] => (item=ATTRIBUTE L4-Redirect 243 integer)
2019-03-09 12:55:28,290 p=3913 u=root |  changed: [localhost] => (item=ATTRIBUTE L4-Redirect-ipset 244 string)
2019-03-09 12:55:28,416 p=3913 u=root |  changed: [localhost] => (item=ATTRIBUTE DHCP-Option82 245 octets)
2019-03-09 12:55:28,546 p=3913 u=root |  changed: [localhost] => (item=#ATTRIBUTE DHCP-Agent-Circuit-Id	1 octets)
2019-03-09 12:55:28,675 p=3913 u=root |  changed: [localhost] => (item=#ATTRIBUTE DHCP-Agent-Remote-Id	2 octets)
2019-03-09 12:55:28,806 p=3913 u=root |  changed: [localhost] => (item=ATTRIBUTE AccelRemoteId 246 octets)
2019-03-09 12:55:28,973 p=3913 u=root |  changed: [localhost] => (item=ATTRIBUTE AccelCircuitId 247 octets)
2019-03-09 12:55:29,107 p=3913 u=root |  changed: [localhost] => (item=#ATTRIBUTE DHCP-Attr-272 272 ipaddr)
2019-03-09 12:55:29,132 p=3913 u=root |  TASK [files : copy logrotate accel] ************************************************************************************************************************************************************************************************************
2019-03-09 12:55:29,500 p=3913 u=root |  changed: [localhost]
2019-03-09 12:55:29,523 p=3913 u=root |  TASK [files : copy init script] ****************************************************************************************************************************************************************************************************************
2019-03-09 12:55:29,871 p=3913 u=root |  changed: [localhost]
2019-03-09 12:55:29,892 p=3913 u=root |  TASK [files : file] ****************************************************************************************************************************************************************************************************************************
2019-03-09 12:55:30,034 p=3913 u=root |  changed: [localhost]
2019-03-09 12:55:30,054 p=3913 u=root |  TASK [files : copy systemd file] ***************************************************************************************************************************************************************************************************************
2019-03-09 12:55:30,390 p=3913 u=root |  changed: [localhost]
2019-03-09 12:55:30,409 p=3913 u=root |  TASK [files : update-rc.d accel] ***************************************************************************************************************************************************************************************************************
2019-03-09 12:55:30,718 p=3913 u=root |  changed: [localhost]
2019-03-09 12:55:30,738 p=3913 u=root |  TASK [files : files for OS 9] ******************************************************************************************************************************************************************************************************************
2019-03-09 12:55:30,790 p=3913 u=root |  TASK [nat : ensure file exists] ****************************************************************************************************************************************************************************************************************
2019-03-09 12:55:31,029 p=3913 u=root |  changed: [localhost]
2019-03-09 12:55:31,047 p=3913 u=root |  TASK [nat : add nf_conntrack] ******************************************************************************************************************************************************************************************************************
2019-03-09 12:55:31,239 p=3913 u=root |  changed: [localhost]
2019-03-09 12:55:31,262 p=3913 u=root |  TASK [nat : add nf_conntrack_ipv4] *************************************************************************************************************************************************************************************************************
2019-03-09 12:55:31,412 p=3913 u=root |  changed: [localhost]
2019-03-09 12:55:31,437 p=3913 u=root |  TASK [nat : sysctl] ****************************************************************************************************************************************************************************************************************************
2019-03-09 12:55:31,855 p=3913 u=root |  changed: [localhost]
2019-03-09 12:55:31,879 p=3913 u=root |  TASK [nat : sysctl] ****************************************************************************************************************************************************************************************************************************
2019-03-09 12:55:32,036 p=3913 u=root |  changed: [localhost]
2019-03-09 12:55:32,061 p=3913 u=root |  TASK [nat : sysctl] ****************************************************************************************************************************************************************************************************************************
2019-03-09 12:55:32,223 p=3913 u=root |  changed: [localhost]
2019-03-09 12:55:32,251 p=3913 u=root |  TASK [nat : sysctl] ****************************************************************************************************************************************************************************************************************************
2019-03-09 12:55:32,401 p=3913 u=root |  changed: [localhost]
2019-03-09 12:55:32,420 p=3913 u=root |  TASK [nat : sysctl] ****************************************************************************************************************************************************************************************************************************
2019-03-09 12:55:32,569 p=3913 u=root |  changed: [localhost]
2019-03-09 12:55:32,591 p=3913 u=root |  TASK [nat : sysctl] ****************************************************************************************************************************************************************************************************************************
2019-03-09 12:55:32,742 p=3913 u=root |  changed: [localhost]
2019-03-09 12:55:32,761 p=3913 u=root |  TASK [nat : sysctl] ****************************************************************************************************************************************************************************************************************************
2019-03-09 12:55:32,916 p=3913 u=root |  changed: [localhost]
2019-03-09 12:55:32,940 p=3913 u=root |  TASK [nat : sysctl] ****************************************************************************************************************************************************************************************************************************
2019-03-09 12:55:33,088 p=3913 u=root |  changed: [localhost]
2019-03-09 12:55:33,108 p=3913 u=root |  TASK [nat : sysctl] ****************************************************************************************************************************************************************************************************************************
2019-03-09 12:55:33,258 p=3913 u=root |  changed: [localhost]
2019-03-09 12:55:33,274 p=3913 u=root |  TASK [nat : sysctl] ****************************************************************************************************************************************************************************************************************************
2019-03-09 12:55:33,438 p=3913 u=root |  changed: [localhost]
2019-03-09 12:55:33,459 p=3913 u=root |  TASK [nat : sysctl] ****************************************************************************************************************************************************************************************************************************
2019-03-09 12:55:33,611 p=3913 u=root |  changed: [localhost]
2019-03-09 12:55:33,630 p=3913 u=root |  TASK [nat : sysctl] ****************************************************************************************************************************************************************************************************************************
2019-03-09 12:55:33,776 p=3913 u=root |  changed: [localhost]
2019-03-09 12:55:33,798 p=3913 u=root |  TASK [nat : sysctl] ****************************************************************************************************************************************************************************************************************************
2019-03-09 12:55:33,954 p=3913 u=root |  changed: [localhost]
2019-03-09 12:55:33,975 p=3913 u=root |  TASK [nat : sysctl] ****************************************************************************************************************************************************************************************************************************
2019-03-09 12:55:34,178 p=3913 u=root |  changed: [localhost]
2019-03-09 12:55:34,200 p=3913 u=root |  TASK [nat : sysctl] ****************************************************************************************************************************************************************************************************************************
2019-03-09 12:55:34,352 p=3913 u=root |  changed: [localhost]
2019-03-09 12:55:34,376 p=3913 u=root |  TASK [nat : sysctl] ****************************************************************************************************************************************************************************************************************************
2019-03-09 12:55:34,521 p=3913 u=root |  fatal: [localhost]: FAILED! => {"changed": false, "msg": "Failed to reload sysctl: net.ipv4.ip_forward = 1\nnet.ipv4.neigh.default.gc_thresh1 = 4096\nnet.ipv4.neigh.default.gc_thresh2 = 8192\nnet.ipv4.neigh.default.gc_thresh3 = 12288\nnet.netfilter.nf_conntrack_max = 1572864\nnet.netfilter.nf_conntrack_generic_timeout = 300\nnet.netfilter.nf_conntrack_tcp_timeout_syn_sent = 60\nnet.netfilter.nf_conntrack_tcp_timeout_established = 600\nnet.netfilter.nf_conntrack_tcp_timeout_close_wait = 45\nnet.netfilter.nf_conntrack_tcp_timeout_time_wait = 120\nnet.netfilter.nf_conntrack_tcp_timeout_max_retrans = 300\nnet.netfilter.nf_conntrack_tcp_timeout_unacknowledged = 300\nnet.netfilter.nf_conntrack_udp_timeout = 30\nnet.netfilter.nf_conntrack_udp_timeout_stream = 60\nnet.netfilter.nf_conntrack_icmp_timeout = 30\nsysctl: cannot stat /proc/sys/net/netfilter/nf_conntrack_events_retry_timeout: No such file or directory\n"}
2019-03-09 12:55:34,525 p=3913 u=root |  	to retry, use: --limit @/home/vilko/accel_ansible/install.retry

2019-03-09 12:55:34,526 p=3913 u=root |  PLAY RECAP *************************************************************************************************************************************************************************************************************************************
2019-03-09 12:55:34,526 p=3913 u=root |  localhost                  : ok=65   changed=60   unreachable=0    failed=1   
2019-03-09 12:57:19,167 p=22646 u=root |  PLAY [Accel Install PlayBook] ******************************************************************************************************************************************************************************************************************
2019-03-09 12:57:19,205 p=22646 u=root |  TASK [Gathering Facts] *************************************************************************************************************************************************************************************************************************
2019-03-09 12:57:20,040 p=22646 u=root |  ok: [localhost]
2019-03-09 12:57:20,064 p=22646 u=root |  TASK [necessary_packages : mtr] ****************************************************************************************************************************************************************************************************************
2019-03-09 12:57:23,418 p=22646 u=root |  ok: [localhost]
2019-03-09 12:57:23,456 p=22646 u=root |  TASK [necessary_packages : atop] ***************************************************************************************************************************************************************************************************************
2019-03-09 12:57:25,065 p=22646 u=root |  ok: [localhost]
2019-03-09 12:57:25,090 p=22646 u=root |  TASK [necessary_packages : htop] ***************************************************************************************************************************************************************************************************************
2019-03-09 12:57:26,696 p=22646 u=root |  ok: [localhost]
2019-03-09 12:57:26,728 p=22646 u=root |  TASK [necessary_packages : mc] *****************************************************************************************************************************************************************************************************************
2019-03-09 12:57:28,238 p=22646 u=root |  ok: [localhost]
2019-03-09 12:57:28,265 p=22646 u=root |  TASK [necessary_packages : tcpdump] ************************************************************************************************************************************************************************************************************
2019-03-09 12:57:29,745 p=22646 u=root |  ok: [localhost]
2019-03-09 12:57:29,773 p=22646 u=root |  TASK [necessary_packages : vlan] ***************************************************************************************************************************************************************************************************************
2019-03-09 12:57:31,397 p=22646 u=root |  ok: [localhost]
2019-03-09 12:57:31,422 p=22646 u=root |  TASK [necessary_packages : ethtool] ************************************************************************************************************************************************************************************************************
2019-03-09 12:57:32,917 p=22646 u=root |  ok: [localhost]
2019-03-09 12:57:32,945 p=22646 u=root |  TASK [necessary_packages : sudo] ***************************************************************************************************************************************************************************************************************
2019-03-09 12:57:34,473 p=22646 u=root |  ok: [localhost]
2019-03-09 12:57:34,498 p=22646 u=root |  TASK [necessary_packages : necessary packages for OS 9] ****************************************************************************************************************************************************************************************
2019-03-09 12:57:34,562 p=22646 u=root |  TASK [linux-headers : linux-headers] ***********************************************************************************************************************************************************************************************************
2019-03-09 12:57:36,062 p=22646 u=root |  ok: [localhost]
2019-03-09 12:57:36,091 p=22646 u=root |  TASK [accel-ppp_packages : git] ****************************************************************************************************************************************************************************************************************
2019-03-09 12:57:37,706 p=22646 u=root |  ok: [localhost]
2019-03-09 12:57:37,735 p=22646 u=root |  TASK [accel-ppp_packages : make] ***************************************************************************************************************************************************************************************************************
2019-03-09 12:57:39,246 p=22646 u=root |  ok: [localhost]
2019-03-09 12:57:39,282 p=22646 u=root |  TASK [accel-ppp_packages : libnl-utils] ********************************************************************************************************************************************************************************************************
2019-03-09 12:57:40,827 p=22646 u=root |  ok: [localhost]
2019-03-09 12:57:40,856 p=22646 u=root |  TASK [accel-ppp_packages : gcc] ****************************************************************************************************************************************************************************************************************
2019-03-09 12:57:42,435 p=22646 u=root |  ok: [localhost]
2019-03-09 12:57:42,460 p=22646 u=root |  TASK [accel-ppp_packages : cmake] **************************************************************************************************************************************************************************************************************
2019-03-09 12:57:43,959 p=22646 u=root |  ok: [localhost]
2019-03-09 12:57:43,984 p=22646 u=root |  TASK [accel-ppp_packages : libcrypto++-dev] ****************************************************************************************************************************************************************************************************
2019-03-09 12:57:45,503 p=22646 u=root |  ok: [localhost]
2019-03-09 12:57:45,527 p=22646 u=root |  TASK [accel-ppp_packages : libcrypto++-utils] **************************************************************************************************************************************************************************************************
2019-03-09 12:57:47,114 p=22646 u=root |  ok: [localhost]
2019-03-09 12:57:47,150 p=22646 u=root |  TASK [accel-ppp_packages : lua5.1] *************************************************************************************************************************************************************************************************************
2019-03-09 12:57:48,660 p=22646 u=root |  ok: [localhost]
2019-03-09 12:57:48,697 p=22646 u=root |  TASK [accel-ppp_packages : liblua5.1-0-dev] ****************************************************************************************************************************************************************************************************
2019-03-09 12:57:50,241 p=22646 u=root |  ok: [localhost]
2019-03-09 12:57:50,268 p=22646 u=root |  TASK [accel-ppp_packages : libpcre++-dev] ******************************************************************************************************************************************************************************************************
2019-03-09 12:57:51,767 p=22646 u=root |  ok: [localhost]
2019-03-09 12:57:51,792 p=22646 u=root |  TASK [accel-ppp_packages : libpcre3] ***********************************************************************************************************************************************************************************************************
2019-03-09 12:57:53,332 p=22646 u=root |  ok: [localhost]
2019-03-09 12:57:53,369 p=22646 u=root |  TASK [accel-ppp_packages : libsnmp-dev] ********************************************************************************************************************************************************************************************************
2019-03-09 12:57:54,878 p=22646 u=root |  ok: [localhost]
2019-03-09 12:57:54,906 p=22646 u=root |  TASK [accel-ppp_packages : iftop] **************************************************************************************************************************************************************************************************************
2019-03-09 12:57:56,457 p=22646 u=root |  ok: [localhost]
2019-03-09 12:57:56,485 p=22646 u=root |  TASK [accel-ppp_packages : iptraf] *************************************************************************************************************************************************************************************************************
2019-03-09 12:57:57,993 p=22646 u=root |  ok: [localhost]
2019-03-09 12:57:58,018 p=22646 u=root |  TASK [accel-ppp_packages : ipset] **************************************************************************************************************************************************************************************************************
2019-03-09 12:57:59,538 p=22646 u=root |  ok: [localhost]
2019-03-09 12:57:59,564 p=22646 u=root |  TASK [accel-ppp_packages : libipset-dev] *******************************************************************************************************************************************************************************************************
2019-03-09 12:58:01,070 p=22646 u=root |  ok: [localhost]
2019-03-09 12:58:01,102 p=22646 u=root |  TASK [accel-ppp_packages : accel-ppp packages for OS 9] ****************************************************************************************************************************************************************************************
2019-03-09 12:58:01,154 p=22646 u=root |  included: /home/vilko/accel_ansible/roles/accel-ppp_packages/tasks/9.yml for localhost
2019-03-09 12:58:01,182 p=22646 u=root |  TASK [accel-ppp_packages : libssl-dev] *********************************************************************************************************************************************************************************************************
2019-03-09 12:58:02,864 p=22646 u=root |  ok: [localhost]
2019-03-09 12:58:02,892 p=22646 u=root |  TASK [accel-ppp_git : Creates directory] *******************************************************************************************************************************************************************************************************
2019-03-09 12:58:03,280 p=22646 u=root |  ok: [localhost]
2019-03-09 12:58:03,311 p=22646 u=root |  TASK [accel-ppp_git : Clone a repository] ******************************************************************************************************************************************************************************************************
2019-03-09 12:58:07,967 p=22646 u=root |  ok: [localhost]
2019-03-09 12:58:07,996 p=22646 u=root |  TASK [accel-ppp_git : build] *******************************************************************************************************************************************************************************************************************
2019-03-09 12:58:08,563 p=22646 u=root |  changed: [localhost] => (item=cmake /var/accel-ppp/accel-ppp.git -DKDIR=/usr/src/linux-headers-4.9.0-3-amd64 -DBUILD_DRIVER=FALSE -DRADIUS=TRUE -DNETSNMP=FALSE -DSHAPER=TRUE -DLOG_PGSQL=FALSE -DLUA=TRUE -DBUILD_IPOE_DRIVER=TRUE -DBUILD_VLAN_MON_DRIVER=TRUE -DCMAKE_INSTALL_PREFIX=/usr/local/src)
2019-03-09 12:58:09,540 p=22646 u=root |  changed: [localhost] => (item=make)
2019-03-09 12:58:11,814 p=22646 u=root |  changed: [localhost] => (item=make install)
2019-03-09 12:58:11,845 p=22646 u=root |  TASK [accel-ppp_git : copy ipoe] ***************************************************************************************************************************************************************************************************************
2019-03-09 12:58:12,452 p=22646 u=root |  ok: [localhost]
2019-03-09 12:58:12,478 p=22646 u=root |  TASK [accel-ppp_git : copy vlan_mon] ***********************************************************************************************************************************************************************************************************
2019-03-09 12:58:12,880 p=22646 u=root |  ok: [localhost]
2019-03-09 12:58:12,914 p=22646 u=root |  TASK [accel-ppp_git : update depmod] ***********************************************************************************************************************************************************************************************************
2019-03-09 12:58:13,564 p=22646 u=root |  changed: [localhost]
2019-03-09 12:58:13,596 p=22646 u=root |  TASK [accel-ppp_git : add routing] *************************************************************************************************************************************************************************************************************
2019-03-09 12:58:13,970 p=22646 u=root |  ok: [localhost]
2019-03-09 12:58:13,998 p=22646 u=root |  TASK [accel-ppp_git : add L4-Redirect] *********************************************************************************************************************************************************************************************************
2019-03-09 12:58:14,160 p=22646 u=root |  ok: [localhost]
2019-03-09 12:58:14,187 p=22646 u=root |  TASK [files : copy accel-ppp.conf] *************************************************************************************************************************************************************************************************************
2019-03-09 12:58:14,594 p=22646 u=root |  ok: [localhost]
2019-03-09 12:58:14,622 p=22646 u=root |  TASK [files : copy LUA script] *****************************************************************************************************************************************************************************************************************
2019-03-09 12:58:15,021 p=22646 u=root |  ok: [localhost]
2019-03-09 12:58:15,051 p=22646 u=root |  TASK [files : copy accel-pppd] *****************************************************************************************************************************************************************************************************************
2019-03-09 12:58:15,438 p=22646 u=root |  ok: [localhost]
2019-03-09 12:58:15,476 p=22646 u=root |  TASK [files : copy accel-cmd] ******************************************************************************************************************************************************************************************************************
2019-03-09 12:58:15,871 p=22646 u=root |  ok: [localhost]
2019-03-09 12:58:15,899 p=22646 u=root |  TASK [files : copy radius] *********************************************************************************************************************************************************************************************************************
2019-03-09 12:58:21,581 p=22646 u=root |  changed: [localhost]
2019-03-09 12:58:21,605 p=22646 u=root |  TASK [files : radius attributes] ***************************************************************************************************************************************************************************************************************
2019-03-09 12:58:21,821 p=22646 u=root |  changed: [localhost] => (item=ATTRIBUTE DHCP-Router-IP-Address 241 ipaddr)
2019-03-09 12:58:21,980 p=22646 u=root |  changed: [localhost] => (item=ATTRIBUTE DHCP-Mask 242 integer)
2019-03-09 12:58:22,156 p=22646 u=root |  changed: [localhost] => (item=ATTRIBUTE L4-Redirect 243 integer)
2019-03-09 12:58:22,364 p=22646 u=root |  changed: [localhost] => (item=ATTRIBUTE L4-Redirect-ipset 244 string)
2019-03-09 12:58:22,661 p=22646 u=root |  changed: [localhost] => (item=ATTRIBUTE DHCP-Option82 245 octets)
2019-03-09 12:58:22,806 p=22646 u=root |  changed: [localhost] => (item=#ATTRIBUTE DHCP-Agent-Circuit-Id	1 octets)
2019-03-09 12:58:22,963 p=22646 u=root |  changed: [localhost] => (item=#ATTRIBUTE DHCP-Agent-Remote-Id	2 octets)
2019-03-09 12:58:23,120 p=22646 u=root |  changed: [localhost] => (item=ATTRIBUTE AccelRemoteId 246 octets)
2019-03-09 12:58:23,276 p=22646 u=root |  changed: [localhost] => (item=ATTRIBUTE AccelCircuitId 247 octets)
2019-03-09 12:58:23,438 p=22646 u=root |  changed: [localhost] => (item=#ATTRIBUTE DHCP-Attr-272 272 ipaddr)
2019-03-09 12:58:23,470 p=22646 u=root |  TASK [files : copy logrotate accel] ************************************************************************************************************************************************************************************************************
2019-03-09 12:58:23,834 p=22646 u=root |  ok: [localhost]
2019-03-09 12:58:23,858 p=22646 u=root |  TASK [files : copy init script] ****************************************************************************************************************************************************************************************************************
2019-03-09 12:58:24,278 p=22646 u=root |  ok: [localhost]
2019-03-09 12:58:24,312 p=22646 u=root |  TASK [files : file] ****************************************************************************************************************************************************************************************************************************
2019-03-09 12:58:24,462 p=22646 u=root |  ok: [localhost]
2019-03-09 12:58:24,486 p=22646 u=root |  TASK [files : copy systemd file] ***************************************************************************************************************************************************************************************************************
2019-03-09 12:58:24,862 p=22646 u=root |  ok: [localhost]
2019-03-09 12:58:24,885 p=22646 u=root |  TASK [files : update-rc.d accel] ***************************************************************************************************************************************************************************************************************
2019-03-09 12:58:25,122 p=22646 u=root |  changed: [localhost]
2019-03-09 12:58:25,149 p=22646 u=root |  TASK [files : files for OS 9] ******************************************************************************************************************************************************************************************************************
2019-03-09 12:58:25,229 p=22646 u=root |  TASK [nat : ensure file exists] ****************************************************************************************************************************************************************************************************************
2019-03-09 12:58:25,399 p=22646 u=root |  ok: [localhost]
2019-03-09 12:58:25,425 p=22646 u=root |  TASK [nat : add nf_conntrack] ******************************************************************************************************************************************************************************************************************
2019-03-09 12:58:25,578 p=22646 u=root |  changed: [localhost]
2019-03-09 12:58:25,608 p=22646 u=root |  TASK [nat : add nf_conntrack_ipv4] *************************************************************************************************************************************************************************************************************
2019-03-09 12:58:25,759 p=22646 u=root |  changed: [localhost]
2019-03-09 12:58:25,785 p=22646 u=root |  TASK [nat : sysctl] ****************************************************************************************************************************************************************************************************************************
2019-03-09 12:58:26,144 p=22646 u=root |  ok: [localhost]
2019-03-09 12:58:26,174 p=22646 u=root |  TASK [nat : sysctl] ****************************************************************************************************************************************************************************************************************************
2019-03-09 12:58:26,441 p=22646 u=root |  ok: [localhost]
2019-03-09 12:58:26,484 p=22646 u=root |  TASK [nat : sysctl] ****************************************************************************************************************************************************************************************************************************
2019-03-09 12:58:26,710 p=22646 u=root |  ok: [localhost]
2019-03-09 12:58:26,761 p=22646 u=root |  TASK [nat : sysctl] ****************************************************************************************************************************************************************************************************************************
2019-03-09 12:58:26,951 p=22646 u=root |  ok: [localhost]
2019-03-09 12:58:26,995 p=22646 u=root |  TASK [nat : sysctl] ****************************************************************************************************************************************************************************************************************************
2019-03-09 12:58:27,213 p=22646 u=root |  ok: [localhost]
2019-03-09 12:58:27,244 p=22646 u=root |  TASK [nat : sysctl] ****************************************************************************************************************************************************************************************************************************
2019-03-09 12:58:27,456 p=22646 u=root |  ok: [localhost]
2019-03-09 12:58:27,485 p=22646 u=root |  TASK [nat : sysctl] ****************************************************************************************************************************************************************************************************************************
2019-03-09 12:58:27,667 p=22646 u=root |  ok: [localhost]
2019-03-09 12:58:27,698 p=22646 u=root |  TASK [nat : sysctl] ****************************************************************************************************************************************************************************************************************************
2019-03-09 12:58:27,911 p=22646 u=root |  ok: [localhost]
2019-03-09 12:58:27,953 p=22646 u=root |  TASK [nat : sysctl] ****************************************************************************************************************************************************************************************************************************
2019-03-09 12:58:28,150 p=22646 u=root |  ok: [localhost]
2019-03-09 12:58:28,175 p=22646 u=root |  TASK [nat : sysctl] ****************************************************************************************************************************************************************************************************************************
2019-03-09 12:58:28,356 p=22646 u=root |  ok: [localhost]
2019-03-09 12:58:28,379 p=22646 u=root |  TASK [nat : sysctl] ****************************************************************************************************************************************************************************************************************************
2019-03-09 12:58:28,541 p=22646 u=root |  ok: [localhost]
2019-03-09 12:58:28,568 p=22646 u=root |  TASK [nat : sysctl] ****************************************************************************************************************************************************************************************************************************
2019-03-09 12:58:28,730 p=22646 u=root |  ok: [localhost]
2019-03-09 12:58:28,750 p=22646 u=root |  TASK [nat : sysctl] ****************************************************************************************************************************************************************************************************************************
2019-03-09 12:58:28,904 p=22646 u=root |  ok: [localhost]
2019-03-09 12:58:28,927 p=22646 u=root |  TASK [nat : sysctl] ****************************************************************************************************************************************************************************************************************************
2019-03-09 12:58:29,123 p=22646 u=root |  ok: [localhost]
2019-03-09 12:58:29,165 p=22646 u=root |  TASK [nat : sysctl] ****************************************************************************************************************************************************************************************************************************
2019-03-09 12:58:29,349 p=22646 u=root |  ok: [localhost]
2019-03-09 12:58:29,370 p=22646 u=root |  TASK [nat : sysctl] ****************************************************************************************************************************************************************************************************************************
2019-03-09 12:58:29,585 p=22646 u=root |  ok: [localhost]
2019-03-09 12:58:29,646 p=22646 u=root |  TASK [nat : sysctl] ****************************************************************************************************************************************************************************************************************************
2019-03-09 12:58:29,833 p=22646 u=root |  fatal: [localhost]: FAILED! => {"changed": false, "msg": "Failed to reload sysctl: net.ipv4.ip_forward = 1\nnet.ipv4.neigh.default.gc_thresh1 = 4096\nnet.ipv4.neigh.default.gc_thresh2 = 8192\nnet.ipv4.neigh.default.gc_thresh3 = 12288\nnet.netfilter.nf_conntrack_max = 1572864\nnet.netfilter.nf_conntrack_generic_timeout = 300\nnet.netfilter.nf_conntrack_tcp_timeout_syn_sent = 60\nnet.netfilter.nf_conntrack_tcp_timeout_established = 600\nnet.netfilter.nf_conntrack_tcp_timeout_close_wait = 45\nnet.netfilter.nf_conntrack_tcp_timeout_time_wait = 120\nnet.netfilter.nf_conntrack_tcp_timeout_max_retrans = 300\nnet.netfilter.nf_conntrack_tcp_timeout_unacknowledged = 300\nnet.netfilter.nf_conntrack_udp_timeout = 30\nnet.netfilter.nf_conntrack_udp_timeout_stream = 60\nnet.netfilter.nf_conntrack_icmp_timeout = 30\nnet.core.netdev_budget = 256\nsysctl: cannot stat /proc/sys/net/netfilter/nf_conntrack_events_retry_timeout: No such file or directory\n"}
2019-03-09 12:58:29,840 p=22646 u=root |  	to retry, use: --limit @/home/vilko/accel_ansible/install.retry

2019-03-09 12:58:29,841 p=22646 u=root |  PLAY RECAP *************************************************************************************************************************************************************************************************************************************
2019-03-09 12:58:29,842 p=22646 u=root |  localhost                  : ok=66   changed=7    unreachable=0    failed=1   
